# JRE version: Java(TM) SE Runtime Environment (18.0.2.1+1) (build 18.0.2.1+1-1)
# Java VM: Java HotSpot(TM) 64-Bit Server VM (18.0.2.1+1-1, mixed mode, sharing, tiered, compressed oops, compressed class ptrs, g1 gc, windows-amd64)
GC Precious Log:
 CardTable entry size: 512
 Card Set container configuration: InlinePtr #cards 5 size 8 Array Of Cards #cards 12 size 40 Howl #buckets 4 coarsen threshold 1843 Howl Bitmap #cards 512 size 80 coarsen threshold 460 Card regions per heap region 1 cards per card region 2048
 CPUs: 8 total, 8 available
 Memory: 8107M
 Large Page Support: Disabled
 NUMA Support: Disabled
 Compressed Oops: Enabled (32-bit)
 Heap Region Size: 1M
 Heap Min Capacity: 8M
 Heap Initial Capacity: 128M
 Heap Max Capacity: 2028M
 Pre-touch: Disabled
 Parallel Workers: 8
 Concurrent Workers: 2
 Concurrent Refinement Workers: 8
 Periodic GC: Disabled
Heap:
 garbage-first heap   total 131072K, used 42355K [0x0000000081400000, 0x0000000100000000)
  region size 1024K, 35 young (35840K), 6 survivors (6144K)
 Metaspace       used 15291K, committed 15552K, reserved 1114112K
  class space    used 2127K, committed 2240K, reserved 1048576K
GC Heap History (6 events):
Event: 0.761 GC heap before
{Heap before GC invocations=0 (full 0):
 garbage-first heap   total 131072K, used 22528K [0x0000000081400000, 0x0000000100000000)
  region size 1024K, 23 young (23552K), 0 survivors (0K)
 Metaspace       used 5782K, committed 5952K, reserved 1114112K
  class space    used 698K, committed 768K, reserved 1048576K
}
Event: 0.766 GC heap after
{Heap after GC invocations=1 (full 0):
 garbage-first heap   total 131072K, used 3072K [0x0000000081400000, 0x0000000100000000)
  region size 1024K, 3 young (3072K), 3 survivors (3072K)
 Metaspace       used 5782K, committed 5952K, reserved 1114112K
  class space    used 698K, committed 768K, reserved 1048576K
}
Event: 8.409 GC heap before
{Heap before GC invocations=1 (full 0):
 garbage-first heap   total 131072K, used 38912K [0x0000000081400000, 0x0000000100000000)
  region size 1024K, 35 young (35840K), 3 survivors (3072K)
 Metaspace       used 13946K, committed 14272K, reserved 1114112K
  class space    used 2072K, committed 2240K, reserved 1048576K
}
Event: 8.421 GC heap after
{Heap after GC invocations=2 (full 0):
 garbage-first heap   total 131072K, used 10682K [0x0000000081400000, 0x0000000100000000)
  region size 1024K, 5 young (5120K), 5 survivors (5120K)
 Metaspace       used 13946K, committed 14272K, reserved 1114112K
  class space    used 2072K, committed 2240K, reserved 1048576K
}
Event: 18.199 GC heap before
{Heap before GC invocations=2 (full 0):
 garbage-first heap   total 131072K, used 72122K [0x0000000081400000, 0x0000000100000000)
  region size 1024K, 63 young (64512K), 5 survivors (5120K)
 Metaspace       used 15198K, committed 15424K, reserved 1114112K
  class space    used 2124K, committed 2240K, reserved 1048576K
}
Event: 18.207 GC heap after
{Heap after GC invocations=3 (full 0):
 garbage-first heap   total 131072K, used 13683K [0x0000000081400000, 0x0000000100000000)
  region size 1024K, 6 young (6144K), 6 survivors (6144K)
 Metaspace       used 15198K, committed 15424K, reserved 1114112K
  class space    used 2124K, committed 2240K, reserved 1048576K
}

